<?xml version="1.0" encoding="UTF-8"?>
<testsuites>
  <testsuite name="/Users/mircoklein/Development/studium/Softwaretechnik/shop/shop/phpunit.xml" tests="9" assertions="9" errors="0" failures="0" skipped="0" time="0.037916">
    <testsuite name="Unit Tests" tests="9" assertions="9" errors="0" failures="0" skipped="0" time="0.037916">
      <testsuite name="MircoKl\Shop\Tests\Unit\Domain\Model\ShoppingCartTest" file="/Users/mircoklein/Development/studium/Softwaretechnik/shop/shop/Tests/Unit/Domain/Model/ShoppingCartTest.php" tests="8" assertions="8" errors="0" failures="0" skipped="0" time="0.035381">
        <testcase name="testCartHasNoItems" file="/Users/mircoklein/Development/studium/Softwaretechnik/shop/shop/Tests/Unit/Domain/Model/ShoppingCartTest.php" line="18" class="MircoKl\Shop\Tests\Unit\Domain\Model\ShoppingCartTest" classname="MircoKl.Shop.Tests.Unit.Domain.Model.ShoppingCartTest" assertions="1" time="0.028025"/>
        <testcase name="testAddItemAndRaiseTotal" file="/Users/mircoklein/Development/studium/Softwaretechnik/shop/shop/Tests/Unit/Domain/Model/ShoppingCartTest.php" line="28" class="MircoKl\Shop\Tests\Unit\Domain\Model\ShoppingCartTest" classname="MircoKl.Shop.Tests.Unit.Domain.Model.ShoppingCartTest" assertions="1" time="0.001105"/>
        <testcase name="testAddMultipleItems" file="/Users/mircoklein/Development/studium/Softwaretechnik/shop/shop/Tests/Unit/Domain/Model/ShoppingCartTest.php" line="39" class="MircoKl\Shop\Tests\Unit\Domain\Model\ShoppingCartTest" classname="MircoKl.Shop.Tests.Unit.Domain.Model.ShoppingCartTest" assertions="1" time="0.001313"/>
        <testcase name="testAddItemThrowsExceptionOnInvalidInput" file="/Users/mircoklein/Development/studium/Softwaretechnik/shop/shop/Tests/Unit/Domain/Model/ShoppingCartTest.php" line="50" class="MircoKl\Shop\Tests\Unit\Domain\Model\ShoppingCartTest" classname="MircoKl.Shop.Tests.Unit.Domain.Model.ShoppingCartTest" assertions="1" time="0.001071"/>
        <testcase name="testAddItemThrowsExceptionOnNegativePrice" file="/Users/mircoklein/Development/studium/Softwaretechnik/shop/shop/Tests/Unit/Domain/Model/ShoppingCartTest.php" line="60" class="MircoKl\Shop\Tests\Unit\Domain\Model\ShoppingCartTest" classname="MircoKl.Shop.Tests.Unit.Domain.Model.ShoppingCartTest" assertions="1" time="0.001010"/>
        <testcase name="testGetQuantity" file="/Users/mircoklein/Development/studium/Softwaretechnik/shop/shop/Tests/Unit/Domain/Model/ShoppingCartTest.php" line="71" class="MircoKl\Shop\Tests\Unit\Domain\Model\ShoppingCartTest" classname="MircoKl.Shop.Tests.Unit.Domain.Model.ShoppingCartTest" assertions="1" time="0.000951"/>
        <testcase name="testRemoveItem" file="/Users/mircoklein/Development/studium/Softwaretechnik/shop/shop/Tests/Unit/Domain/Model/ShoppingCartTest.php" line="84" class="MircoKl\Shop\Tests\Unit\Domain\Model\ShoppingCartTest" classname="MircoKl.Shop.Tests.Unit.Domain.Model.ShoppingCartTest" assertions="1" time="0.000952"/>
        <testcase name="testRemveItemThrowsExcpetion" file="/Users/mircoklein/Development/studium/Softwaretechnik/shop/shop/Tests/Unit/Domain/Model/ShoppingCartTest.php" line="95" class="MircoKl\Shop\Tests\Unit\Domain\Model\ShoppingCartTest" classname="MircoKl.Shop.Tests.Unit.Domain.Model.ShoppingCartTest" assertions="1" time="0.000955"/>
      </testsuite>
      <testsuite name="MircoKl\Shop\Tests\Unit\Service\OrderServiceTest" file="/Users/mircoklein/Development/studium/Softwaretechnik/shop/shop/Tests/Unit/Service/OrderServiceTest.php" tests="1" assertions="1" errors="0" failures="0" skipped="0" time="0.002535">
        <testcase name="test_calculate_final_price_applies_discount" file="/Users/mircoklein/Development/studium/Softwaretechnik/shop/shop/Tests/Unit/Service/OrderServiceTest.php" line="19" class="MircoKl\Shop\Tests\Unit\Service\OrderServiceTest" classname="MircoKl.Shop.Tests.Unit.Service.OrderServiceTest" assertions="1" time="0.002535"/>
      </testsuite>
    </testsuite>
  </testsuite>
</testsuites>
