<?xml version="1.0" encoding="UTF-8"?>
<testsuites>
  <testsuite name="/Users/mircoklein/Development/studium/Softwaretechnik/shop/shop/phpunit.xml" tests="22" assertions="24" errors="0" failures="0" skipped="0" time="0.053234">
    <testsuite name="Unit Tests" tests="22" assertions="24" errors="0" failures="0" skipped="0" time="0.053234">
      <testsuite name="MircoKl\Shop\Tests\Unit\Domain\Model\ItemTest" file="/Users/mircoklein/Development/studium/Softwaretechnik/shop/shop/Tests/Unit/Domain/Model/ItemTest.php" tests="13" assertions="15" errors="0" failures="0" skipped="0" time="0.041779">
        <testcase name="testItemCreationWithValidData" file="/Users/mircoklein/Development/studium/Softwaretechnik/shop/shop/Tests/Unit/Domain/Model/ItemTest.php" line="18" class="MircoKl\Shop\Tests\Unit\Domain\Model\ItemTest" classname="MircoKl.Shop.Tests.Unit.Domain.Model.ItemTest" assertions="3" time="0.028842"/>
        <testcase name="testItemCreationWithInvalidQuantity" file="/Users/mircoklein/Development/studium/Softwaretechnik/shop/shop/Tests/Unit/Domain/Model/ItemTest.php" line="29" class="MircoKl\Shop\Tests\Unit\Domain\Model\ItemTest" classname="MircoKl.Shop.Tests.Unit.Domain.Model.ItemTest" assertions="1" time="0.001221"/>
        <testcase name="testItemCreationWithNegativePrice" file="/Users/mircoklein/Development/studium/Softwaretechnik/shop/shop/Tests/Unit/Domain/Model/ItemTest.php" line="38" class="MircoKl\Shop\Tests\Unit\Domain\Model\ItemTest" classname="MircoKl.Shop.Tests.Unit.Domain.Model.ItemTest" assertions="1" time="0.001337"/>
        <testcase name="testGetTotalPrice" file="/Users/mircoklein/Development/studium/Softwaretechnik/shop/shop/Tests/Unit/Domain/Model/ItemTest.php" line="47" class="MircoKl\Shop\Tests\Unit\Domain\Model\ItemTest" classname="MircoKl.Shop.Tests.Unit.Domain.Model.ItemTest" assertions="1" time="0.001486"/>
        <testcase name="testGetTotalPriceWithZeroQuantity" file="/Users/mircoklein/Development/studium/Softwaretechnik/shop/shop/Tests/Unit/Domain/Model/ItemTest.php" line="56" class="MircoKl\Shop\Tests\Unit\Domain\Model\ItemTest" classname="MircoKl.Shop.Tests.Unit.Domain.Model.ItemTest" assertions="1" time="0.001116"/>
        <testcase name="testGetTotalPriceWithZeroPrice" file="/Users/mircoklein/Development/studium/Softwaretechnik/shop/shop/Tests/Unit/Domain/Model/ItemTest.php" line="66" class="MircoKl\Shop\Tests\Unit\Domain\Model\ItemTest" classname="MircoKl.Shop.Tests.Unit.Domain.Model.ItemTest" assertions="1" time="0.001134"/>
        <testcase name="testGetItemName" file="/Users/mircoklein/Development/studium/Softwaretechnik/shop/shop/Tests/Unit/Domain/Model/ItemTest.php" line="75" class="MircoKl\Shop\Tests\Unit\Domain\Model\ItemTest" classname="MircoKl.Shop.Tests.Unit.Domain.Model.ItemTest" assertions="1" time="0.000990"/>
        <testcase name="testGetQuantity" file="/Users/mircoklein/Development/studium/Softwaretechnik/shop/shop/Tests/Unit/Domain/Model/ItemTest.php" line="84" class="MircoKl\Shop\Tests\Unit\Domain\Model\ItemTest" classname="MircoKl.Shop.Tests.Unit.Domain.Model.ItemTest" assertions="1" time="0.000954"/>
        <testcase name="testGetPrice" file="/Users/mircoklein/Development/studium/Softwaretechnik/shop/shop/Tests/Unit/Domain/Model/ItemTest.php" line="93" class="MircoKl\Shop\Tests\Unit\Domain\Model\ItemTest" classname="MircoKl.Shop.Tests.Unit.Domain.Model.ItemTest" assertions="1" time="0.000914"/>
        <testcase name="testSetQuantity" file="/Users/mircoklein/Development/studium/Softwaretechnik/shop/shop/Tests/Unit/Domain/Model/ItemTest.php" line="102" class="MircoKl\Shop\Tests\Unit\Domain\Model\ItemTest" classname="MircoKl.Shop.Tests.Unit.Domain.Model.ItemTest" assertions="1" time="0.000934"/>
        <testcase name="testSetQuantityThrowsExceptionOnInvalidInput" file="/Users/mircoklein/Development/studium/Softwaretechnik/shop/shop/Tests/Unit/Domain/Model/ItemTest.php" line="112" class="MircoKl\Shop\Tests\Unit\Domain\Model\ItemTest" classname="MircoKl.Shop.Tests.Unit.Domain.Model.ItemTest" assertions="1" time="0.001002"/>
        <testcase name="testSetQuantityThrowsExceptionOnZero" file="/Users/mircoklein/Development/studium/Softwaretechnik/shop/shop/Tests/Unit/Domain/Model/ItemTest.php" line="122" class="MircoKl\Shop\Tests\Unit\Domain\Model\ItemTest" classname="MircoKl.Shop.Tests.Unit.Domain.Model.ItemTest" assertions="1" time="0.000932"/>
        <testcase name="testSetQuantityToOne" file="/Users/mircoklein/Development/studium/Softwaretechnik/shop/shop/Tests/Unit/Domain/Model/ItemTest.php" line="132" class="MircoKl\Shop\Tests\Unit\Domain\Model\ItemTest" classname="MircoKl.Shop.Tests.Unit.Domain.Model.ItemTest" assertions="1" time="0.000915"/>
      </testsuite>
      <testsuite name="MircoKl\Shop\Tests\Unit\Domain\Model\ShoppingCartTest" file="/Users/mircoklein/Development/studium/Softwaretechnik/shop/shop/Tests/Unit/Domain/Model/ShoppingCartTest.php" tests="8" assertions="8" errors="0" failures="0" skipped="0" time="0.008796">
        <testcase name="testCartHasNoItems" file="/Users/mircoklein/Development/studium/Softwaretechnik/shop/shop/Tests/Unit/Domain/Model/ShoppingCartTest.php" line="18" class="MircoKl\Shop\Tests\Unit\Domain\Model\ShoppingCartTest" classname="MircoKl.Shop.Tests.Unit.Domain.Model.ShoppingCartTest" assertions="1" time="0.001087"/>
        <testcase name="testAddItemAndRaiseTotal" file="/Users/mircoklein/Development/studium/Softwaretechnik/shop/shop/Tests/Unit/Domain/Model/ShoppingCartTest.php" line="28" class="MircoKl\Shop\Tests\Unit\Domain\Model\ShoppingCartTest" classname="MircoKl.Shop.Tests.Unit.Domain.Model.ShoppingCartTest" assertions="1" time="0.000921"/>
        <testcase name="testAddMultipleItems" file="/Users/mircoklein/Development/studium/Softwaretechnik/shop/shop/Tests/Unit/Domain/Model/ShoppingCartTest.php" line="39" class="MircoKl\Shop\Tests\Unit\Domain\Model\ShoppingCartTest" classname="MircoKl.Shop.Tests.Unit.Domain.Model.ShoppingCartTest" assertions="1" time="0.000937"/>
        <testcase name="testAddItemThrowsExceptionOnInvalidInput" file="/Users/mircoklein/Development/studium/Softwaretechnik/shop/shop/Tests/Unit/Domain/Model/ShoppingCartTest.php" line="50" class="MircoKl\Shop\Tests\Unit\Domain\Model\ShoppingCartTest" classname="MircoKl.Shop.Tests.Unit.Domain.Model.ShoppingCartTest" assertions="1" time="0.001029"/>
        <testcase name="testAddItemThrowsExceptionOnNegativePrice" file="/Users/mircoklein/Development/studium/Softwaretechnik/shop/shop/Tests/Unit/Domain/Model/ShoppingCartTest.php" line="60" class="MircoKl\Shop\Tests\Unit\Domain\Model\ShoppingCartTest" classname="MircoKl.Shop.Tests.Unit.Domain.Model.ShoppingCartTest" assertions="1" time="0.001137"/>
        <testcase name="testGetQuantity" file="/Users/mircoklein/Development/studium/Softwaretechnik/shop/shop/Tests/Unit/Domain/Model/ShoppingCartTest.php" line="71" class="MircoKl\Shop\Tests\Unit\Domain\Model\ShoppingCartTest" classname="MircoKl.Shop.Tests.Unit.Domain.Model.ShoppingCartTest" assertions="1" time="0.001379"/>
        <testcase name="testRemoveItem" file="/Users/mircoklein/Development/studium/Softwaretechnik/shop/shop/Tests/Unit/Domain/Model/ShoppingCartTest.php" line="84" class="MircoKl\Shop\Tests\Unit\Domain\Model\ShoppingCartTest" classname="MircoKl.Shop.Tests.Unit.Domain.Model.ShoppingCartTest" assertions="1" time="0.001135"/>
        <testcase name="testRemveItemThrowsExcpetion" file="/Users/mircoklein/Development/studium/Softwaretechnik/shop/shop/Tests/Unit/Domain/Model/ShoppingCartTest.php" line="95" class="MircoKl\Shop\Tests\Unit\Domain\Model\ShoppingCartTest" classname="MircoKl.Shop.Tests.Unit.Domain.Model.ShoppingCartTest" assertions="1" time="0.001170"/>
      </testsuite>
      <testsuite name="MircoKl\Shop\Tests\Unit\Service\OrderServiceTest" file="/Users/mircoklein/Development/studium/Softwaretechnik/shop/shop/Tests/Unit/Service/OrderServiceTest.php" tests="1" assertions="1" errors="0" failures="0" skipped="0" time="0.002659">
        <testcase name="test_calculate_final_price_applies_discount" file="/Users/mircoklein/Development/studium/Softwaretechnik/shop/shop/Tests/Unit/Service/OrderServiceTest.php" line="19" class="MircoKl\Shop\Tests\Unit\Service\OrderServiceTest" classname="MircoKl.Shop.Tests.Unit.Service.OrderServiceTest" assertions="1" time="0.002659"/>
      </testsuite>
    </testsuite>
  </testsuite>
</testsuites>
